  [1m[36m (2.9ms)[0m  [1mCREATE TABLE "schema_migrations" ("version" varchar NOT NULL) [0m
  [1m[35m (22.6ms)[0m  select sqlite_version(*)
  [1m[36m (2.5ms)[0m  [1mCREATE UNIQUE INDEX "unique_schema_migrations" ON "schema_migrations" ("version")[0m
  [1m[35mActiveRecord::SchemaMigration Load (0.2ms)[0m  SELECT "schema_migrations".* FROM "schema_migrations"
Migrating to CreateUsers (20151117185613)
  [1m[36m (0.1ms)[0m  [1mbegin transaction[0m
  [1m[35m (0.5ms)[0m  CREATE TABLE "users" ("id" INTEGER PRIMARY KEY AUTOINCREMENT NOT NULL, "name" varchar, "email" varchar, "created_at" datetime NOT NULL, "updated_at" datetime NOT NULL) 
  [1m[36mSQL (0.2ms)[0m  [1mINSERT INTO "schema_migrations" ("version") VALUES (?)[0m  [["version", "20151117185613"]]
  [1m[35m (1.6ms)[0m  commit transaction
  [1m[36mActiveRecord::SchemaMigration Load (0.1ms)[0m  [1mSELECT "schema_migrations".* FROM "schema_migrations"[0m


Started GET "/" for ::1 at 2015-11-17 19:00:29 +0000
  [1m[36mActiveRecord::SchemaMigration Load (0.2ms)[0m  [1mSELECT "schema_migrations".* FROM "schema_migrations"[0m
Processing by Rails::WelcomeController#index as HTML
  Rendered /Users/Chienchien/.rvm/gems/ruby-2.2.1/gems/railties-4.2.2/lib/rails/templates/rails/welcome/index.html.erb (1.9ms)
Completed 200 OK in 39ms (Views: 26.0ms | ActiveRecord: 0.0ms)


Started GET "/" for ::1 at 2015-11-17 19:00:30 +0000
Processing by Rails::WelcomeController#index as HTML
  Rendered /Users/Chienchien/.rvm/gems/ruby-2.2.1/gems/railties-4.2.2/lib/rails/templates/rails/welcome/index.html.erb (0.0ms)
Completed 200 OK in 2ms (Views: 1.7ms | ActiveRecord: 0.0ms)


Started GET "/" for ::1 at 2015-11-17 19:00:34 +0000
Processing by Rails::WelcomeController#index as HTML
  Rendered /Users/Chienchien/.rvm/gems/ruby-2.2.1/gems/railties-4.2.2/lib/rails/templates/rails/welcome/index.html.erb (0.0ms)
Completed 200 OK in 2ms (Views: 1.6ms | ActiveRecord: 0.0ms)


Started GET "/user" for ::1 at 2015-11-17 19:00:36 +0000

ActionController::RoutingError (No route matches [GET] "/user"):
  web-console (2.0.0.beta3) lib/action_dispatch/debug_exceptions.rb:22:in `middleware_call'
  web-console (2.0.0.beta3) lib/action_dispatch/debug_exceptions.rb:13:in `call'
  actionpack (4.2.2) lib/action_dispatch/middleware/show_exceptions.rb:30:in `call'
  railties (4.2.2) lib/rails/rack/logger.rb:38:in `call_app'
  railties (4.2.2) lib/rails/rack/logger.rb:20:in `block in call'
  activesupport (4.2.2) lib/active_support/tagged_logging.rb:68:in `block in tagged'
  activesupport (4.2.2) lib/active_support/tagged_logging.rb:26:in `tagged'
  activesupport (4.2.2) lib/active_support/tagged_logging.rb:68:in `tagged'
  railties (4.2.2) lib/rails/rack/logger.rb:20:in `call'
  actionpack (4.2.2) lib/action_dispatch/middleware/request_id.rb:21:in `call'
  rack (1.6.4) lib/rack/methodoverride.rb:22:in `call'
  rack (1.6.4) lib/rack/runtime.rb:18:in `call'
  activesupport (4.2.2) lib/active_support/cache/strategy/local_cache_middleware.rb:28:in `call'
  rack (1.6.4) lib/rack/lock.rb:17:in `call'
  actionpack (4.2.2) lib/action_dispatch/middleware/static.rb:113:in `call'
  rack (1.6.4) lib/rack/sendfile.rb:113:in `call'
  railties (4.2.2) lib/rails/engine.rb:518:in `call'
  railties (4.2.2) lib/rails/application.rb:164:in `call'
  rack (1.6.4) lib/rack/lock.rb:17:in `call'
  rack (1.6.4) lib/rack/content_length.rb:15:in `call'
  rack (1.6.4) lib/rack/handler/webrick.rb:88:in `service'
  /Users/Chienchien/.rvm/rubies/ruby-2.2.1/lib/ruby/2.2.0/webrick/httpserver.rb:138:in `service'
  /Users/Chienchien/.rvm/rubies/ruby-2.2.1/lib/ruby/2.2.0/webrick/httpserver.rb:94:in `run'
  /Users/Chienchien/.rvm/rubies/ruby-2.2.1/lib/ruby/2.2.0/webrick/server.rb:294:in `block in start_thread'


  Rendered /Users/Chienchien/.rvm/gems/ruby-2.2.1/gems/web-console-2.0.0.beta3/lib/action_dispatch/templates/rescues/_trace.html.erb (1.4ms)
  Rendered /Users/Chienchien/.rvm/gems/ruby-2.2.1/gems/web-console-2.0.0.beta3/lib/action_dispatch/templates/rescues/routing_error.html.erb within rescues/layout (63.8ms)


Started GET "/users" for ::1 at 2015-11-17 19:00:48 +0000
Processing by UsersController#index as HTML
  [1m[35mUser Load (0.1ms)[0m  SELECT "users".* FROM "users"
  Rendered users/index.html.erb within layouts/application (1.7ms)
Completed 200 OK in 1588ms (Views: 1585.4ms | ActiveRecord: 0.2ms)


Started GET "/assets/scaffolds.self-8ae8189f6ec5f2783b81e639644b939424583da740088dc67fe3bc8d4ca5451c.css?body=1" for ::1 at 2015-11-17 19:00:50 +0000


Started GET "/assets/users.self-e3b0c44298fc1c149afbf4c8996fb92427ae41e4649b934ca495991b7852b855.css?body=1" for ::1 at 2015-11-17 19:00:50 +0000


Started GET "/assets/application.self-e80e8f2318043e8af94dddc2adad5a4f09739a8ebb323b3ab31cd71d45fd9113.css?body=1" for ::1 at 2015-11-17 19:00:50 +0000


Started GET "/assets/jquery.self-d03a5518f45df77341bdbe6201ba3bfa547ebba8ed64f0ea56bfa5f96ea7c074.js?body=1" for ::1 at 2015-11-17 19:00:50 +0000


Started GET "/assets/jquery_ujs.self-8e98a7a072a6cee1372d19fff9ff3e6aa1e39a37d89d6f06861637d061113ee7.js?body=1" for ::1 at 2015-11-17 19:00:50 +0000


Started GET "/assets/application.self-3b8dabdc891efe46b9a144b400ad69e37d7e5876bdc39dee783419a69d7ca819.js?body=1" for ::1 at 2015-11-17 19:00:50 +0000


Started GET "/assets/turbolinks.self-c846e670826600e8c91b1a5ada3e6547110d996cd6ff24cde55024f7a135a1b4.js?body=1" for ::1 at 2015-11-17 19:00:50 +0000


Started GET "/assets/users.self-877aef30ae1b040ab8a3aba4e3e309a11d7f2612f44dde450b5c157aa5f95c05.js?body=1" for ::1 at 2015-11-17 19:00:50 +0000


Started GET "/users/new" for ::1 at 2015-11-17 19:02:09 +0000
Processing by UsersController#new as HTML
  Rendered users/_form.html.erb (126.1ms)
  Rendered users/new.html.erb within layouts/application (129.8ms)
Completed 200 OK in 198ms (Views: 190.6ms | ActiveRecord: 0.4ms)


Started POST "/users" for ::1 at 2015-11-17 19:02:19 +0000
Processing by UsersController#create as HTML
  Parameters: {"utf8"=>"✓", "authenticity_token"=>"ho3j+9pPfXHW2Gxsr7IpKm6XTN7D6LfBx0QnhjIpwmP1WeRg6ruGx6yVwZwQRC5b993bratuDUuEGnBw+R+3TA==", "user"=>{"name"=>"flo", "email"=>"flop@flopi.com"}, "commit"=>"Create User"}
  [1m[36m (0.1ms)[0m  [1mbegin transaction[0m
  [1m[35mSQL (0.4ms)[0m  INSERT INTO "users" ("name", "email", "created_at", "updated_at") VALUES (?, ?, ?, ?)  [["name", "flo"], ["email", "flop@flopi.com"], ["created_at", "2015-11-17 19:02:19.592963"], ["updated_at", "2015-11-17 19:02:19.592963"]]
  [1m[36m (2.4ms)[0m  [1mcommit transaction[0m
Redirected to http://localhost:3000/users/1
Completed 302 Found in 10ms (ActiveRecord: 2.9ms)


Started GET "/users/1" for ::1 at 2015-11-17 19:02:19 +0000
Processing by UsersController#show as HTML
  Parameters: {"id"=>"1"}
  [1m[35mUser Load (0.2ms)[0m  SELECT  "users".* FROM "users" WHERE "users"."id" = ? LIMIT 1  [["id", 1]]
  Rendered users/show.html.erb within layouts/application (1.0ms)
Completed 200 OK in 80ms (Views: 56.5ms | ActiveRecord: 0.2ms)


Started GET "/users/1/edit" for ::1 at 2015-11-17 19:02:47 +0000
Processing by UsersController#edit as HTML
  Parameters: {"id"=>"1"}
  [1m[36mUser Load (0.1ms)[0m  [1mSELECT  "users".* FROM "users" WHERE "users"."id" = ? LIMIT 1[0m  [["id", 1]]
  Rendered users/_form.html.erb (2.5ms)
  Rendered users/edit.html.erb within layouts/application (5.6ms)
Completed 200 OK in 58ms (Views: 56.8ms | ActiveRecord: 0.1ms)


Started PATCH "/users/1" for ::1 at 2015-11-17 19:02:49 +0000
Processing by UsersController#update as HTML
  Parameters: {"utf8"=>"✓", "authenticity_token"=>"7SSNrN6I8/eZdbjjIBsY7aFRDuEvCGUDCWgXBZwIW0Oe8Io37nwIQeM4FROf7R+cOBuZkkeO34lKNkDzVz4ubA==", "user"=>{"name"=>"flo", "email"=>"flop@flopi.com"}, "commit"=>"Update User", "id"=>"1"}
  [1m[35mUser Load (0.1ms)[0m  SELECT  "users".* FROM "users" WHERE "users"."id" = ? LIMIT 1  [["id", 1]]
  [1m[36m (0.1ms)[0m  [1mbegin transaction[0m
  [1m[35m (0.0ms)[0m  commit transaction
Redirected to http://localhost:3000/users/1
Completed 302 Found in 3ms (ActiveRecord: 0.2ms)


Started GET "/users/1" for ::1 at 2015-11-17 19:02:49 +0000
Processing by UsersController#show as HTML
  Parameters: {"id"=>"1"}
  [1m[36mUser Load (0.1ms)[0m  [1mSELECT  "users".* FROM "users" WHERE "users"."id" = ? LIMIT 1[0m  [["id", 1]]
  Rendered users/show.html.erb within layouts/application (0.3ms)
Completed 200 OK in 45ms (Views: 44.6ms | ActiveRecord: 0.1ms)


Started GET "/users/1" for ::1 at 2015-11-17 19:03:04 +0000
Processing by UsersController#show as HTML
  Parameters: {"id"=>"1"}
  [1m[35mUser Load (0.1ms)[0m  SELECT  "users".* FROM "users" WHERE "users"."id" = ? LIMIT 1  [["id", 1]]
  Rendered users/show.html.erb within layouts/application (0.4ms)
Completed 200 OK in 44ms (Views: 42.8ms | ActiveRecord: 0.1ms)


Started GET "/users/new" for ::1 at 2015-11-17 19:03:04 +0000
Processing by UsersController#new as HTML
  Rendered users/_form.html.erb (1.2ms)
  Rendered users/new.html.erb within layouts/application (3.7ms)
Completed 200 OK in 44ms (Views: 43.3ms | ActiveRecord: 0.0ms)


Started POST "/users" for ::1 at 2015-11-17 19:03:20 +0000
Processing by UsersController#create as HTML
  Parameters: {"utf8"=>"✓", "authenticity_token"=>"diZ3uM8AuGRTYrQAkrA8NecJMrl/zarw6ztAk6XAGCYF8nAj//RD0ikvGfAtRjtEfkOlyhdLEHqoZRdlbvZtCQ==", "user"=>{"name"=>"ginny", "email"=>"gin@ginnouf.com"}, "commit"=>"Create User"}
  [1m[36m (0.1ms)[0m  [1mbegin transaction[0m
  [1m[35mSQL (0.3ms)[0m  INSERT INTO "users" ("name", "email", "created_at", "updated_at") VALUES (?, ?, ?, ?)  [["name", "ginny"], ["email", "gin@ginnouf.com"], ["created_at", "2015-11-17 19:03:20.449702"], ["updated_at", "2015-11-17 19:03:20.449702"]]
  [1m[36m (5.7ms)[0m  [1mcommit transaction[0m
Redirected to http://localhost:3000/users/2
Completed 302 Found in 9ms (ActiveRecord: 6.1ms)


Started GET "/users/2" for ::1 at 2015-11-17 19:03:20 +0000
Processing by UsersController#show as HTML
  Parameters: {"id"=>"2"}
  [1m[35mUser Load (0.1ms)[0m  SELECT  "users".* FROM "users" WHERE "users"."id" = ? LIMIT 1  [["id", 2]]
  Rendered users/show.html.erb within layouts/application (0.3ms)
Completed 200 OK in 42ms (Views: 40.7ms | ActiveRecord: 0.1ms)


Started GET "/users/1" for ::1 at 2015-11-17 19:03:28 +0000
Processing by UsersController#show as HTML
  Parameters: {"id"=>"1"}
  [1m[36mUser Load (0.1ms)[0m  [1mSELECT  "users".* FROM "users" WHERE "users"."id" = ? LIMIT 1[0m  [["id", 1]]
  Rendered users/show.html.erb within layouts/application (0.3ms)
Completed 200 OK in 41ms (Views: 39.9ms | ActiveRecord: 0.1ms)


Started GET "/users/" for ::1 at 2015-11-17 19:03:28 +0000
Processing by UsersController#index as HTML
  [1m[35mUser Load (0.1ms)[0m  SELECT "users".* FROM "users"
  Rendered users/index.html.erb within layouts/application (1.3ms)
Completed 200 OK in 44ms (Views: 43.7ms | ActiveRecord: 0.1ms)


Started DELETE "/users/2" for ::1 at 2015-11-17 19:03:43 +0000
Processing by UsersController#destroy as HTML
  Parameters: {"authenticity_token"=>"aefbPE0u7Iy0dWllbvBBLsNy/HZmXzlx9DYORetiMUYaM9ynfdoXOs44xJXRBkZfWjhrBQ7Zg/u3aFmzIFREaQ==", "id"=>"2"}
  [1m[36mUser Load (0.1ms)[0m  [1mSELECT  "users".* FROM "users" WHERE "users"."id" = ? LIMIT 1[0m  [["id", 2]]
  [1m[35m (0.1ms)[0m  begin transaction
  [1m[36mSQL (0.2ms)[0m  [1mDELETE FROM "users" WHERE "users"."id" = ?[0m  [["id", 2]]
  [1m[35m (5.6ms)[0m  commit transaction
Redirected to http://localhost:3000/users
Completed 302 Found in 8ms (ActiveRecord: 6.1ms)


Started GET "/users" for ::1 at 2015-11-17 19:03:43 +0000
Processing by UsersController#index as HTML
  [1m[36mUser Load (0.1ms)[0m  [1mSELECT "users".* FROM "users"[0m
  Rendered users/index.html.erb within layouts/application (1.0ms)
Completed 200 OK in 42ms (Views: 41.7ms | ActiveRecord: 0.1ms)
  [1m[36mActiveRecord::SchemaMigration Load (14.8ms)[0m  [1mSELECT "schema_migrations".* FROM "schema_migrations"[0m
Migrating to CreateMicroposts (20151118135835)
  [1m[35m (0.1ms)[0m  begin transaction
  [1m[36m (0.5ms)[0m  [1mCREATE TABLE "microposts" ("id" INTEGER PRIMARY KEY AUTOINCREMENT NOT NULL, "content" text, "user_id" integer, "created_at" datetime NOT NULL, "updated_at" datetime NOT NULL) [0m
  [1m[35mSQL (0.5ms)[0m  INSERT INTO "schema_migrations" ("version") VALUES (?)  [["version", "20151118135835"]]
  [1m[36m (12.6ms)[0m  [1mcommit transaction[0m
  [1m[35mActiveRecord::SchemaMigration Load (0.1ms)[0m  SELECT "schema_migrations".* FROM "schema_migrations"


Started GET "/" for ::1 at 2015-11-18 14:00:49 +0000
  [1m[36mActiveRecord::SchemaMigration Load (0.1ms)[0m  [1mSELECT "schema_migrations".* FROM "schema_migrations"[0m
Processing by UsersController#index as HTML
  [1m[35mUser Load (0.2ms)[0m  SELECT "users".* FROM "users"
  Rendered users/index.html.erb within layouts/application (20.0ms)
Completed 200 OK in 545ms (Views: 514.5ms | ActiveRecord: 0.5ms)


Started GET "/" for ::1 at 2015-11-18 14:00:50 +0000
Processing by UsersController#index as HTML
  [1m[36mUser Load (0.1ms)[0m  [1mSELECT "users".* FROM "users"[0m
  Rendered users/index.html.erb within layouts/application (1.0ms)
Completed 200 OK in 50ms (Views: 49.5ms | ActiveRecord: 0.1ms)


Started GET "/assets/microposts.self-e3b0c44298fc1c149afbf4c8996fb92427ae41e4649b934ca495991b7852b855.css?body=1" for ::1 at 2015-11-18 14:00:50 +0000


Started GET "/assets/application.self-e80e8f2318043e8af94dddc2adad5a4f09739a8ebb323b3ab31cd71d45fd9113.css?body=1" for ::1 at 2015-11-18 14:00:50 +0000


Started GET "/assets/scaffolds.self-8ae8189f6ec5f2783b81e639644b939424583da740088dc67fe3bc8d4ca5451c.css?body=1" for ::1 at 2015-11-18 14:00:50 +0000


Started GET "/assets/turbolinks.self-c846e670826600e8c91b1a5ada3e6547110d996cd6ff24cde55024f7a135a1b4.js?body=1" for ::1 at 2015-11-18 14:00:50 +0000


Started GET "/assets/jquery.self-d03a5518f45df77341bdbe6201ba3bfa547ebba8ed64f0ea56bfa5f96ea7c074.js?body=1" for ::1 at 2015-11-18 14:00:50 +0000


Started GET "/assets/users.self-877aef30ae1b040ab8a3aba4e3e309a11d7f2612f44dde450b5c157aa5f95c05.js?body=1" for ::1 at 2015-11-18 14:00:50 +0000


Started GET "/assets/microposts.self-877aef30ae1b040ab8a3aba4e3e309a11d7f2612f44dde450b5c157aa5f95c05.js?body=1" for ::1 at 2015-11-18 14:00:50 +0000


Started GET "/" for ::1 at 2015-11-18 14:01:04 +0000
Processing by UsersController#index as HTML
  [1m[35mUser Load (0.2ms)[0m  SELECT "users".* FROM "users"
  Rendered users/index.html.erb within layouts/application (0.9ms)
Completed 200 OK in 60ms (Views: 59.0ms | ActiveRecord: 0.2ms)


Started GET "/microposts/new" for ::1 at 2015-11-18 14:01:08 +0000
Processing by MicropostsController#new as HTML
  Rendered microposts/_form.html.erb (105.1ms)
  Rendered microposts/new.html.erb within layouts/application (140.8ms)
Completed 200 OK in 212ms (Views: 205.3ms | ActiveRecord: 0.2ms)


Started POST "/microposts" for ::1 at 2015-11-18 14:01:14 +0000
Processing by MicropostsController#create as HTML
  Parameters: {"utf8"=>"✓", "authenticity_token"=>"iPy3z2/n8M5GYHICTxsYgpFLACdQ93FxUdxnAeJkcCSxmMb9om5ZC0Q7vlpYzEEi9HItOW4xe3MyVVaZ+RICuw==", "micropost"=>{"content"=>"blabla", "user_id"=>"1"}, "commit"=>"Create Micropost"}
  [1m[36m (0.1ms)[0m  [1mbegin transaction[0m
  [1m[35mSQL (0.4ms)[0m  INSERT INTO "microposts" ("content", "user_id", "created_at", "updated_at") VALUES (?, ?, ?, ?)  [["content", "blabla"], ["user_id", 1], ["created_at", "2015-11-18 14:01:14.851248"], ["updated_at", "2015-11-18 14:01:14.851248"]]
  [1m[36m (1.6ms)[0m  [1mcommit transaction[0m
Redirected to http://localhost:3000/microposts/1
Completed 302 Found in 7ms (ActiveRecord: 2.1ms)


Started GET "/microposts/1" for ::1 at 2015-11-18 14:01:14 +0000
Processing by MicropostsController#show as HTML
  Parameters: {"id"=>"1"}
  [1m[35mMicropost Load (0.2ms)[0m  SELECT  "microposts".* FROM "microposts" WHERE "microposts"."id" = ? LIMIT 1  [["id", 1]]
  Rendered microposts/show.html.erb within layouts/application (1.6ms)
Completed 200 OK in 120ms (Views: 71.8ms | ActiveRecord: 0.2ms)
  [1m[36mUser Load (0.1ms)[0m  [1mSELECT  "users".* FROM "users"  ORDER BY "users"."id" ASC LIMIT 1[0m
  [1m[35mMicropost Load (0.3ms)[0m  SELECT "microposts".* FROM "microposts" WHERE "microposts"."user_id" = ?  [["user_id", 1]]


Started GET "/" for ::1 at 2015-11-18 18:41:18 +0000
  [1m[36mActiveRecord::SchemaMigration Load (0.2ms)[0m  [1mSELECT "schema_migrations".* FROM "schema_migrations"[0m
Processing by UsersController#index as HTML
  [1m[35mUser Load (0.2ms)[0m  SELECT "users".* FROM "users"
  Rendered users/index.html.erb within layouts/application (6.6ms)
Completed 200 OK in 476ms (Views: 444.6ms | ActiveRecord: 0.4ms)


Started GET "/" for ::1 at 2015-11-18 18:41:19 +0000
Processing by UsersController#index as HTML
  [1m[36mUser Load (0.2ms)[0m  [1mSELECT "users".* FROM "users"[0m
  Rendered users/index.html.erb within layouts/application (1.1ms)
Completed 200 OK in 51ms (Views: 50.4ms | ActiveRecord: 0.2ms)


Started GET "/assets/microposts.self-e3b0c44298fc1c149afbf4c8996fb92427ae41e4649b934ca495991b7852b855.css?body=1" for ::1 at 2015-11-18 18:41:19 +0000


Started GET "/assets/scaffolds.self-8ae8189f6ec5f2783b81e639644b939424583da740088dc67fe3bc8d4ca5451c.css?body=1" for ::1 at 2015-11-18 18:41:19 +0000


Started GET "/assets/jquery.self-d03a5518f45df77341bdbe6201ba3bfa547ebba8ed64f0ea56bfa5f96ea7c074.js?body=1" for ::1 at 2015-11-18 18:41:19 +0000
